Mining real positions from data/quoridor_v3.db (excluding [9083])...
  300 real bot-turn positions
Generating 3 permutations per real position...
  total positions to process: 1200

Running depth-8 alpha-beta on 1200 positions (6 workers, ~2.0s each)...
  20/1200 done  (2.3/s, eta 511s)
  40/1200 done  (2.4/s, eta 483s)
  60/1200 done  (2.9/s, eta 393s)
  80/1200 done  (2.8/s, eta 401s)
  100/1200 done  (2.9/s, eta 382s)
  120/1200 done  (2.9/s, eta 366s)
  140/1200 done  (2.9/s, eta 369s)
  160/1200 done  (2.9/s, eta 356s)
  180/1200 done  (3.0/s, eta 344s)
  200/1200 done  (2.9/s, eta 343s)
  220/1200 done  (2.9/s, eta 333s)
  240/1200 done  (3.0/s, eta 323s)
  260/1200 done  (2.9/s, eta 321s)
  280/1200 done  (3.0/s, eta 311s)
  300/1200 done  (3.0/s, eta 302s)
  320/1200 done  (3.0/s, eta 294s)
  340/1200 done  (3.0/s, eta 290s)
  360/1200 done  (3.0/s, eta 282s)
  380/1200 done  (3.0/s, eta 274s)
  400/1200 done  (3.0/s, eta 269s)
  420/1200 done  (3.0/s, eta 261s)
  440/1200 done  (3.0/s, eta 253s)
  460/1200 done  (3.0/s, eta 249s)
  480/1200 done  (3.0/s, eta 241s)
  500/1200 done  (3.0/s, eta 233s)
  520/1200 done  (3.0/s, eta 229s)
  540/1200 done  (3.0/s, eta 221s)
  560/1200 done  (3.0/s, eta 213s)
  580/1200 done  (3.0/s, eta 208s)
  600/1200 done  (3.0/s, eta 201s)
  620/1200 done  (3.0/s, eta 193s)
  640/1200 done  (3.0/s, eta 188s)
  660/1200 done  (3.0/s, eta 181s)
  680/1200 done  (3.0/s, eta 173s)
  700/1200 done  (3.0/s, eta 166s)
  720/1200 done  (3.0/s, eta 161s)
  740/1200 done  (3.0/s, eta 153s)
  760/1200 done  (3.0/s, eta 146s)
  780/1200 done  (3.0/s, eta 140s)
  800/1200 done  (3.0/s, eta 133s)
  820/1200 done  (3.0/s, eta 126s)
  840/1200 done  (3.0/s, eta 120s)
  860/1200 done  (3.0/s, eta 113s)
  880/1200 done  (3.0/s, eta 106s)
  900/1200 done  (3.0/s, eta 99s)
  920/1200 done  (3.0/s, eta 93s)
  940/1200 done  (3.0/s, eta 86s)
  960/1200 done  (3.0/s, eta 80s)
  980/1200 done  (3.0/s, eta 73s)
  1000/1200 done  (3.0/s, eta 66s)
  1020/1200 done  (3.0/s, eta 60s)
  1040/1200 done  (3.0/s, eta 53s)
  1060/1200 done  (3.0/s, eta 46s)
  1080/1200 done  (3.1/s, eta 39s)
  1100/1200 done  (3.1/s, eta 32s)
  1120/1200 done  (3.1/s, eta 26s)
  1140/1200 done  (3.1/s, eta 19s)
  1160/1200 done  (3.1/s, eta 13s)
  1180/1200 done  (3.1/s, eta 6s)
  1200/1200 done  (3.1/s, eta 0s)

Finished 1200 examples (300 real, 900 permuted) in 386s
  AB picked walls in 764/1200 positions (64%); pawns in 436
Saved data/human_training_set.npz  shape: states=(1200, 7, 9, 9), policies=(1200, 209), values=(1200,)
