[GUI] _show_start_menu (waiting for side selection)
[GUI] _start_game: human=P1, ai_engine=neural, nn_sims=800
[GUI] move  1: M14  (turn was P1)
[GUI] loaded checkpoints/best.pt meta={'iteration': 27, 'best_iteration': 15, 'human_v2_trained': True, 'n_human_examples': 1200, 'rehearsal_frac': 0.6, 'reg_lambda': 1.0, 'value_weight': 0.3, 'best_val_loss': 1.5856308191021284}
[GUI] move  2: M74  (turn was P2)
[GUI] move  3: M24  (turn was P1)
[GUI] move  4: M64  (turn was P2)
[GUI] move  5: M34  (turn was P1)
[GUI] move  6: M54  (turn was P2)
[GUI] move  7: H25  (turn was P1)
[GUI] move  8: H34  (turn was P2)
[GUI] move  9: H23  (turn was P1)
[GUI] move 10: H06  (turn was P2)
[GUI] move 11: H00  (turn was P1)
[GUI] move 12: H40  (turn was P2)
[GUI] move 13: M33  (turn was P1)
[GUI] move 14: H32  (turn was P2)
[GUI] move 15: H27  (turn was P1)
[GUI] move 16: M44  (turn was P2)
[GUI] move 17: M32  (turn was P1)
[GUI] move 18: M43  (turn was P2)
[GUI] move 19: M31  (turn was P1)
[GUI] move 20: M42  (turn was P2)
[GUI] move 21: M41  (turn was P1)
[GUI] move 22: M43  (turn was P2)
[GUI] move 23: M42  (turn was P1)
[GUI] move 24: H42  (turn was P2)
[GUI] move 25: M44  (turn was P1)
[GUI] move 26: H44  (turn was P2)
[GUI] move 27: M45  (turn was P1)
[GUI] move 28: M42  (turn was P2)
[GUI] move 29: M46  (turn was P1)
[GUI] move 30: H46  (turn was P2)
[GUI] move 31: M47  (turn was P1)
[GUI] move 32: M43  (turn was P2)
[GUI] move 33: M48  (turn was P1)
[GUI] move 34: H77  (turn was P2)
[GUI] move 35: M58  (turn was P1)
[GUI] move 36: M42  (turn was P2)
[GUI] move 37: M68  (turn was P1)
[GUI] move 38: M43  (turn was P2)
[GUI] move 39: M67  (turn was P1)
[GUI] move 40: M42  (turn was P2)
[GUI] move 41: M77  (turn was P1)
[GUI] move 42: H75  (turn was P2)
[GUI] move 43: M76  (turn was P1)
[GUI] move 44: M43  (turn was P2)
[GUI] move 45: M75  (turn was P1)
[GUI] move 46: M42  (turn was P2)
[GUI] move 47: M74  (turn was P1)
[GUI] move 48: H73  (turn was P2)
[GUI] move 49: V31  (turn was P1)
[GUI] move 50: M43  (turn was P2)
[GUI] move 51: M73  (turn was P1)
[GUI] move 52: M44  (turn was P2)
[GUI] move 53: M72  (turn was P1)
[GUI] move 54: M43  (turn was P2)
[GUI] move 55: M82  (turn was P1)
[GUI] _show_start_menu (waiting for side selection)
[GUI] _start_game: human=P1, ai_engine=neural, nn_sims=800
[GUI] move  1: M14  (turn was P1)
[GUI] move  2: M74  (turn was P2)
[GUI] move  3: M24  (turn was P1)
[GUI] move  4: M64  (turn was P2)
[GUI] move  5: M34  (turn was P1)
[GUI] move  6: M54  (turn was P2)
[GUI] move  7: H24  (turn was P1)
[GUI] move  8: H33  (turn was P2)
[GUI] move  9: M35  (turn was P1)
[GUI] move 10: H35  (turn was P2)
[GUI] move 11: M36  (turn was P1)
[GUI] move 12: V36  (turn was P2)
[GUI] move 13: M26  (turn was P1)
[GUI] move 14: H16  (turn was P2)
[GUI] move 15: M27  (turn was P1)
[GUI] move 16: H47  (turn was P2)
[GUI] move 17: M26  (turn was P1)
[GUI] move 18: M44  (turn was P2)
[GUI] move 19: M25  (turn was P1)
[GUI] move 20: M45  (turn was P2)
[GUI] move 21: M24  (turn was P1)
[GUI] move 22: M44  (turn was P2)
[GUI] move 23: M23  (turn was P1)
[GUI] move 24: M43  (turn was P2)
[GUI] move 25: V42  (turn was P1)
[GUI] move 26: H22  (turn was P2)
[GUI] move 27: M22  (turn was P1)
[GUI] move 28: M44  (turn was P2)
[GUI] move 29: V20  (turn was P1)
[GUI] move 30: H10  (turn was P2)
[GUI] move 31: M21  (turn was P1)
[GUI] move 32: M45  (turn was P2)
[GUI] move 33: M31  (turn was P1)
[GUI] move 34: H40  (turn was P2)
[GUI] move 35: M41  (turn was P1)
[GUI] move 36: M44  (turn was P2)
[GUI] move 37: M42  (turn was P1)
[GUI] move 38: M45  (turn was P2)
[GUI] move 39: M52  (turn was P1)
[GUI] move 40: H51  (turn was P2)
[GUI] move 41: M51  (turn was P1)
[GUI] move 42: H70  (turn was P2)
[GUI] move 43: M50  (turn was P1)
[GUI] move 44: M55  (turn was P2)
[GUI] move 45: M60  (turn was P1)
[GUI] move 46: M65  (turn was P2)
[GUI] move 47: M61  (turn was P1)
[GUI] move 48: M64  (turn was P2)
[GUI] move 49: M62  (turn was P1)
[GUI] move 50: M65  (turn was P2)
[GUI] move 51: M72  (turn was P1)
[GUI] move 52: M64  (turn was P2)
[GUI] move 53: M82  (turn was P1)
