Players (10): ['v52_current', 'v74_6x64peak', 'v19_distill', 'v36_run2peak', 'v48_run3peak', 'warmstart', 'v40_run3start', 'v42_run3', 'v46_pre_v48', 'v34_run2']
Total games: 270  (6 per pair × 45 pairs)
  [1/270]  v74_6x64peak vs v52_current (P2-P1)   16p  v74_6x64peak W  [11s elapsed, eta 2900s]
  [2/270]  v74_6x64peak vs v52_current (P2-P1)   16p  v74_6x64peak W  [11s elapsed, eta 1536s]
  [3/270]  v52_current vs v74_6x64peak (P1-P2)   19p  v52_current W  [13s elapsed, eta 1171s]
  [4/270]  v52_current vs v74_6x64peak (P1-P2)   19p  v52_current W  [14s elapsed, eta 906s]
  [5/270]  v52_current vs v74_6x64peak (P1-P2)   16p  v74_6x64peak W  [19s elapsed, eta 1012s]
  [6/270]  v52_current vs v19_distill (P2-P1)   16p  v52_current W  [21s elapsed, eta 909s]
  [7/270]  v19_distill vs v52_current (P1-P2)   18p  v52_current W  [23s elapsed, eta 864s]
  [8/270]  v74_6x64peak vs v52_current (P2-P1)   19p  v52_current W  [24s elapsed, eta 777s]
  [9/270]  v52_current vs v19_distill (P2-P1)   16p  v52_current W  [26s elapsed, eta 760s]
  [10/270]  v52_current vs v19_distill (P2-P1)   16p  v52_current W  [32s elapsed, eta 820s]
  [11/270]  v19_distill vs v52_current (P1-P2)   18p  v52_current W  [32s elapsed, eta 756s]
  [12/270]  v19_distill vs v52_current (P1-P2)   19p  v19_distill W  [33s elapsed, eta 708s]
  [13/270]  v52_current vs v36_run2peak (P2-P1)   18p  v52_current W  [35s elapsed, eta 692s]
  [14/270]  v36_run2peak vs v52_current (P1-P2)   18p  v52_current W  [41s elapsed, eta 755s]
  [15/270]  v52_current vs v36_run2peak (P2-P1)   16p  v52_current W  [42s elapsed, eta 712s]
  [16/270]  v36_run2peak vs v52_current (P1-P2)   17p  v36_run2peak W  [42s elapsed, eta 669s]
  [17/270]  v52_current vs v36_run2peak (P2-P1)   18p  v52_current W  [42s elapsed, eta 630s]
  [18/270]  v52_current vs v48_run3peak (P2-P1)   16p  v52_current W  [50s elapsed, eta 697s]
  [19/270]  v36_run2peak vs v52_current (P1-P2)   21p  v36_run2peak W  [59s elapsed, eta 782s]
  [20/270]  v48_run3peak vs v52_current (P1-P2)   19p  v48_run3peak W  [63s elapsed, eta 782s]
  [21/270]  v52_current vs v48_run3peak (P2-P1)   18p  v52_current W  [69s elapsed, eta 814s]
  [22/270]  v48_run3peak vs v52_current (P1-P2)   19p  v48_run3peak W  [77s elapsed, eta 872s]
  [23/270]  v52_current vs warmstart (P1-P2)   18p   warmstart W  [79s elapsed, eta 852s]
  [24/270]  warmstart vs v52_current (P2-P1)   14p   warmstart W  [84s elapsed, eta 860s]
  [25/270]  v52_current vs warmstart (P1-P2)   16p   warmstart W  [88s elapsed, eta 860s]
  [26/270]  warmstart vs v52_current (P2-P1)   19p  v52_current W  [95s elapsed, eta 890s]
  [27/270]  v52_current vs v48_run3peak (P2-P1)  100p  v52_current W  [100s elapsed, eta 903s]
  [28/270]  v52_current vs warmstart (P1-P2)   18p   warmstart W  [101s elapsed, eta 871s]
  [29/270]  v48_run3peak vs v52_current (P1-P2)  100p  v52_current W  [103s elapsed, eta 857s]
  [30/270]  warmstart vs v52_current (P2-P1)   17p  v52_current W  [106s elapsed, eta 845s]
  [31/270]  v40_run3start vs v52_current (P1-P2)   18p  v52_current W  [109s elapsed, eta 838s]
  [32/270]  v52_current vs v40_run3start (P2-P1)   18p  v52_current W  [113s elapsed, eta 838s]
  [33/270]  v40_run3start vs v52_current (P1-P2)   18p  v52_current W  [116s elapsed, eta 836s]
  [34/270]  v52_current vs v40_run3start (P2-P1)   14p  v52_current W  [118s elapsed, eta 819s]
  [35/270]  v40_run3start vs v52_current (P1-P2)   21p  v40_run3start W  [122s elapsed, eta 821s]
  [36/270]  v52_current vs v42_run3 (P2-P1)   16p  v52_current W  [123s elapsed, eta 799s]
  [37/270]  v42_run3 vs v52_current (P1-P2)   13p    v42_run3 W  [124s elapsed, eta 782s]
  [38/270]  v52_current vs v42_run3 (P2-P1)   16p  v52_current W  [133s elapsed, eta 813s]
  [39/270]  v52_current vs v42_run3 (P2-P1)   20p  v52_current W  [135s elapsed, eta 802s]
  [40/270]  v42_run3 vs v52_current (P1-P2)   21p    v42_run3 W  [141s elapsed, eta 810s]
  [41/270]  v52_current vs v40_run3start (P2-P1)  100p  v40_run3start W  [149s elapsed, eta 831s]
  [42/270]  v46_pre_v48 vs v52_current (P1-P2)   18p  v52_current W  [151s elapsed, eta 821s]
  [43/270]  v46_pre_v48 vs v52_current (P1-P2)   16p  v52_current W  [159s elapsed, eta 839s]
  [44/270]  v52_current vs v46_pre_v48 (P2-P1)   18p  v52_current W  [169s elapsed, eta 869s]
  [45/270]  v46_pre_v48 vs v52_current (P1-P2)   17p  v46_pre_v48 W  [177s elapsed, eta 883s]
  [46/270]  v42_run3 vs v52_current (P1-P2)  100p             D  [184s elapsed, eta 894s]
  [47/270]  v52_current vs v34_run2 (P2-P1)   16p  v52_current W  [185s elapsed, eta 877s]
  [48/270]  v34_run2 vs v52_current (P1-P2)   14p  v52_current W  [189s elapsed, eta 875s]
  [49/270]  v52_current vs v34_run2 (P2-P1)   14p  v52_current W  [193s elapsed, eta 870s]
  [50/270]  v34_run2 vs v52_current (P1-P2)   14p  v52_current W  [197s elapsed, eta 868s]
  [51/270]  v52_current vs v34_run2 (P2-P1)   16p  v52_current W  [200s elapsed, eta 859s]
  [52/270]  v74_6x64peak vs v19_distill (P2-P1)   14p  v74_6x64peak W  [206s elapsed, eta 865s]
  [53/270]  v34_run2 vs v52_current (P1-P2)   18p  v52_current W  [208s elapsed, eta 853s]
  [54/270]  v52_current vs v46_pre_v48 (P2-P1)  100p  v52_current W  [209s elapsed, eta 837s]
  [55/270]  v19_distill vs v74_6x64peak (P1-P2)   16p  v74_6x64peak W  [214s elapsed, eta 838s]
  [56/270]  v74_6x64peak vs v19_distill (P2-P1)   20p  v74_6x64peak W  [220s elapsed, eta 841s]
  [57/270]  v74_6x64peak vs v19_distill (P2-P1)   16p  v74_6x64peak W  [222s elapsed, eta 830s]
  [58/270]  v19_distill vs v74_6x64peak (P1-P2)   21p  v19_distill W  [224s elapsed, eta 819s]
  [59/270]  v52_current vs v46_pre_v48 (P2-P1)  100p  v52_current W  [226s elapsed, eta 809s]
  [60/270]  v19_distill vs v74_6x64peak (P1-P2)   18p  v74_6x64peak W  [231s elapsed, eta 808s]
  [61/270]  v74_6x64peak vs v36_run2peak (P2-P1)   14p  v74_6x64peak W  [233s elapsed, eta 797s]
  [62/270]  v36_run2peak vs v74_6x64peak (P1-P2)   17p  v36_run2peak W  [233s elapsed, eta 781s]
  [63/270]  v74_6x64peak vs v36_run2peak (P2-P1)   18p  v74_6x64peak W  [234s elapsed, eta 768s]
  [64/270]  v74_6x64peak vs v36_run2peak (P2-P1)   16p  v74_6x64peak W  [240s elapsed, eta 772s]
  [65/270]  v36_run2peak vs v74_6x64peak (P1-P2)   17p  v36_run2peak W  [243s elapsed, eta 767s]
  [66/270]  v74_6x64peak vs v48_run3peak (P2-P1)   15p  v48_run3peak W  [243s elapsed, eta 752s]
  [67/270]  v48_run3peak vs v74_6x64peak (P1-P2)   13p  v48_run3peak W  [252s elapsed, eta 765s]
  [68/270]  v74_6x64peak vs v48_run3peak (P2-P1)   17p  v48_run3peak W  [253s elapsed, eta 752s]
  [69/270]  v74_6x64peak vs v48_run3peak (P2-P1)   14p  v74_6x64peak W  [259s elapsed, eta 754s]
  [70/270]  v74_6x64peak vs warmstart (P1-P2)   14p   warmstart W  [265s elapsed, eta 758s]
  [71/270]  v48_run3peak vs v74_6x64peak (P1-P2)   18p  v74_6x64peak W  [266s elapsed, eta 746s]
  [72/270]  warmstart vs v74_6x64peak (P2-P1)   11p  v74_6x64peak W  [272s elapsed, eta 747s]
  [73/270]  v74_6x64peak vs warmstart (P1-P2)   15p  v74_6x64peak W  [277s elapsed, eta 748s]
  [74/270]  v74_6x64peak vs warmstart (P1-P2)   16p   warmstart W  [286s elapsed, eta 757s]
  [75/270]  warmstart vs v74_6x64peak (P2-P1)   18p   warmstart W  [286s elapsed, eta 745s]
  [76/270]  warmstart vs v74_6x64peak (P2-P1)   15p  v74_6x64peak W  [293s elapsed, eta 749s]
  [77/270]  v74_6x64peak vs v40_run3start (P2-P1)   16p  v74_6x64peak W  [302s elapsed, eta 756s]
  [78/270]  v48_run3peak vs v74_6x64peak (P1-P2)  100p  v48_run3peak W  [305s elapsed, eta 751s]
  [79/270]  v40_run3start vs v74_6x64peak (P1-P2)   20p  v74_6x64peak W  [310s elapsed, eta 749s]
  [80/270]  v74_6x64peak vs v40_run3start (P2-P1)   16p  v74_6x64peak W  [314s elapsed, eta 746s]
  [81/270]  v40_run3start vs v74_6x64peak (P1-P2)   17p  v40_run3start W  [318s elapsed, eta 742s]
  [82/270]  v74_6x64peak vs v40_run3start (P2-P1)   17p  v40_run3start W  [320s elapsed, eta 734s]
  [83/270]  v40_run3start vs v74_6x64peak (P1-P2)   16p  v74_6x64peak W  [326s elapsed, eta 735s]
  [84/270]  v74_6x64peak vs v42_run3 (P2-P1)   16p  v74_6x64peak W  [334s elapsed, eta 740s]
  [85/270]  v74_6x64peak vs v42_run3 (P2-P1)   16p  v74_6x64peak W  [335s elapsed, eta 729s]
  [86/270]  v42_run3 vs v74_6x64peak (P1-P2)   22p  v74_6x64peak W  [337s elapsed, eta 722s]
  [87/270]  v74_6x64peak vs v42_run3 (P2-P1)   16p  v74_6x64peak W  [342s elapsed, eta 719s]
  [88/270]  v42_run3 vs v74_6x64peak (P1-P2)   16p  v74_6x64peak W  [344s elapsed, eta 711s]
  [89/270]  v42_run3 vs v74_6x64peak (P1-P2)   17p    v42_run3 W  [349s elapsed, eta 709s]
  [90/270]  v74_6x64peak vs v46_pre_v48 (P2-P1)   17p  v46_pre_v48 W  [353s elapsed, eta 707s]
  [91/270]  v46_pre_v48 vs v74_6x64peak (P1-P2)   15p  v46_pre_v48 W  [354s elapsed, eta 696s]
  [92/270]  v74_6x64peak vs v46_pre_v48 (P2-P1)   14p  v74_6x64peak W  [355s elapsed, eta 687s]
  [93/270]  v74_6x64peak vs v46_pre_v48 (P2-P1)   14p  v74_6x64peak W  [362s elapsed, eta 689s]
  [94/270]  v46_pre_v48 vs v74_6x64peak (P1-P2)   15p  v46_pre_v48 W  [363s elapsed, eta 680s]
  [95/270]  v46_pre_v48 vs v74_6x64peak (P1-P2)   18p  v74_6x64peak W  [365s elapsed, eta 673s]
  [96/270]  v34_run2 vs v74_6x64peak (P1-P2)   11p    v34_run2 W  [368s elapsed, eta 667s]
  [97/270]  v36_run2peak vs v74_6x64peak (P1-P2)  100p  v74_6x64peak W  [370s elapsed, eta 660s]
  [98/270]  v74_6x64peak vs v34_run2 (P2-P1)   14p  v74_6x64peak W  [371s elapsed, eta 651s]
  [99/270]  v74_6x64peak vs v34_run2 (P2-P1)   18p  v74_6x64peak W  [374s elapsed, eta 645s]
  [100/270]  v34_run2 vs v74_6x64peak (P1-P2)   15p    v34_run2 W  [375s elapsed, eta 638s]
  [101/270]  v74_6x64peak vs v34_run2 (P2-P1)   16p  v74_6x64peak W  [379s elapsed, eta 634s]
  [102/270]  v19_distill vs v36_run2peak (P1-P2)   13p  v19_distill W  [380s elapsed, eta 626s]
  [103/270]  v36_run2peak vs v19_distill (P2-P1)   17p  v19_distill W  [384s elapsed, eta 623s]
  [104/270]  v36_run2peak vs v19_distill (P2-P1)   15p  v19_distill W  [389s elapsed, eta 621s]
  [105/270]  v34_run2 vs v74_6x64peak (P1-P2)   19p    v34_run2 W  [389s elapsed, eta 611s]
  [106/270]  v19_distill vs v36_run2peak (P1-P2)   18p  v36_run2peak W  [389s elapsed, eta 602s]
  [107/270]  v19_distill vs v36_run2peak (P1-P2)   14p  v36_run2peak W  [390s elapsed, eta 593s]
  [108/270]  v48_run3peak vs v19_distill (P2-P1)   16p  v48_run3peak W  [397s elapsed, eta 596s]
  [109/270]  v19_distill vs v48_run3peak (P1-P2)   19p  v19_distill W  [401s elapsed, eta 592s]
  [110/270]  v36_run2peak vs v19_distill (P2-P1)   21p  v19_distill W  [401s elapsed, eta 584s]
  [111/270]  v19_distill vs v48_run3peak (P1-P2)   22p  v48_run3peak W  [403s elapsed, eta 578s]
  [112/270]  v48_run3peak vs v19_distill (P2-P1)   18p  v48_run3peak W  [406s elapsed, eta 572s]
  [113/270]  v19_distill vs v48_run3peak (P1-P2)   18p  v48_run3peak W  [411s elapsed, eta 571s]
  [114/270]  v48_run3peak vs v19_distill (P2-P1)   15p  v19_distill W  [411s elapsed, eta 563s]
  [115/270]  v19_distill vs warmstart (P1-P2)   14p   warmstart W  [411s elapsed, eta 554s]
  [116/270]  warmstart vs v19_distill (P2-P1)   14p   warmstart W  [413s elapsed, eta 548s]
  [117/270]  v19_distill vs warmstart (P1-P2)   14p   warmstart W  [419s elapsed, eta 548s]
  [118/270]  warmstart vs v19_distill (P2-P1)   14p   warmstart W  [420s elapsed, eta 541s]
  [119/270]  warmstart vs v19_distill (P2-P1)   21p  v19_distill W  [425s elapsed, eta 539s]
  [120/270]  v19_distill vs v40_run3start (P1-P2)   16p  v40_run3start W  [425s elapsed, eta 531s]
  [121/270]  v19_distill vs warmstart (P1-P2)   20p   warmstart W  [427s elapsed, eta 525s]
  [122/270]  v40_run3start vs v19_distill (P2-P1)   15p  v19_distill W  [428s elapsed, eta 519s]
  [123/270]  v19_distill vs v40_run3start (P1-P2)   14p  v40_run3start W  [431s elapsed, eta 515s]
  [124/270]  v19_distill vs v40_run3start (P1-P2)   18p  v40_run3start W  [436s elapsed, eta 513s]
  [125/270]  v19_distill vs v42_run3 (P1-P2)   14p    v42_run3 W  [438s elapsed, eta 508s]
  [126/270]  v40_run3start vs v19_distill (P2-P1)   15p  v19_distill W  [439s elapsed, eta 501s]
  [127/270]  v42_run3 vs v19_distill (P2-P1)   11p  v19_distill W  [442s elapsed, eta 497s]
  [128/270]  v40_run3start vs v19_distill (P2-P1)   20p  v40_run3start W  [442s elapsed, eta 490s]
  [129/270]  v19_distill vs v42_run3 (P1-P2)   20p    v42_run3 W  [449s elapsed, eta 490s]
  [130/270]  v42_run3 vs v19_distill (P2-P1)   18p    v42_run3 W  [451s elapsed, eta 485s]
  [131/270]  v42_run3 vs v19_distill (P2-P1)   15p  v19_distill W  [451s elapsed, eta 478s]
  [132/270]  v19_distill vs v46_pre_v48 (P1-P2)   15p  v19_distill W  [461s elapsed, eta 482s]
  [133/270]  v46_pre_v48 vs v19_distill (P2-P1)   19p  v19_distill W  [462s elapsed, eta 476s]
  [134/270]  v46_pre_v48 vs v19_distill (P2-P1)   16p  v46_pre_v48 W  [471s elapsed, eta 478s]
  [135/270]  v46_pre_v48 vs v19_distill (P2-P1)   13p  v19_distill W  [477s elapsed, eta 477s]
  [136/270]  v19_distill vs v46_pre_v48 (P1-P2)   19p  v19_distill W  [478s elapsed, eta 471s]
  [137/270]  v19_distill vs v34_run2 (P1-P2)   15p  v19_distill W  [483s elapsed, eta 469s]
  [138/270]  v34_run2 vs v19_distill (P2-P1)   15p  v19_distill W  [487s elapsed, eta 466s]
  [139/270]  v19_distill vs v34_run2 (P1-P2)   14p    v34_run2 W  [490s elapsed, eta 461s]
  [140/270]  v19_distill vs v34_run2 (P1-P2)   16p    v34_run2 W  [497s elapsed, eta 461s]
  [141/270]  v34_run2 vs v19_distill (P2-P1)   15p  v19_distill W  [498s elapsed, eta 456s]
  [142/270]  v34_run2 vs v19_distill (P2-P1)   20p    v34_run2 W  [505s elapsed, eta 455s]
  [143/270]  v48_run3peak vs v36_run2peak (P2-P1)   21p  v36_run2peak W  [523s elapsed, eta 465s]
  [144/270]  v19_distill vs v46_pre_v48 (P1-P2)  100p  v46_pre_v48 W  [524s elapsed, eta 458s]
  [145/270]  v48_run3peak vs v36_run2peak (P2-P1)   18p  v48_run3peak W  [537s elapsed, eta 463s]
  [146/270]  v36_run2peak vs v48_run3peak (P1-P2)   19p  v36_run2peak W  [539s elapsed, eta 458s]
  [147/270]  v36_run2peak vs v48_run3peak (P1-P2)   17p  v36_run2peak W  [547s elapsed, eta 457s]
  [148/270]  v48_run3peak vs v36_run2peak (P2-P1)   17p  v36_run2peak W  [548s elapsed, eta 452s]
  [149/270]  v36_run2peak vs warmstart (P1-P2)   15p  v36_run2peak W  [555s elapsed, eta 450s]
  [150/270]  warmstart vs v36_run2peak (P2-P1)   17p  v36_run2peak W  [556s elapsed, eta 445s]
  [151/270]  v19_distill vs v42_run3 (P1-P2)  100p    v42_run3 W  [559s elapsed, eta 441s]
  [152/270]  warmstart vs v36_run2peak (P2-P1)   13p  v36_run2peak W  [566s elapsed, eta 439s]
  [153/270]  v36_run2peak vs warmstart (P1-P2)   18p   warmstart W  [566s elapsed, eta 433s]
  [154/270]  v36_run2peak vs warmstart (P1-P2)   16p   warmstart W  [567s elapsed, eta 427s]
  [155/270]  v40_run3start vs v36_run2peak (P2-P1)   19p  v36_run2peak W  [579s elapsed, eta 430s]
  [156/270]  warmstart vs v36_run2peak (P2-P1)   18p   warmstart W  [579s elapsed, eta 423s]
  [157/270]  v36_run2peak vs v40_run3start (P1-P2)   20p  v40_run3start W  [587s elapsed, eta 423s]
  [158/270]  v40_run3start vs v36_run2peak (P2-P1)   17p  v36_run2peak W  [588s elapsed, eta 417s]
  [159/270]  v36_run2peak vs v40_run3start (P1-P2)   16p  v40_run3start W  [593s elapsed, eta 414s]
  [160/270]  v40_run3start vs v36_run2peak (P2-P1)   17p  v36_run2peak W  [597s elapsed, eta 410s]
  [161/270]  v36_run2peak vs v48_run3peak (P1-P2)  100p  v36_run2peak W  [604s elapsed, eta 409s]
  [162/270]  v42_run3 vs v36_run2peak (P2-P1)   18p    v42_run3 W  [610s elapsed, eta 406s]
  [163/270]  v36_run2peak vs v42_run3 (P1-P2)   21p  v36_run2peak W  [619s elapsed, eta 406s]
  [164/270]  v42_run3 vs v36_run2peak (P2-P1)   19p  v36_run2peak W  [625s elapsed, eta 404s]
  [165/270]  v36_run2peak vs v42_run3 (P1-P2)   19p  v36_run2peak W  [633s elapsed, eta 403s]
  [166/270]  v36_run2peak vs v46_pre_v48 (P1-P2)   19p  v36_run2peak W  [646s elapsed, eta 405s]
  [167/270]  v46_pre_v48 vs v36_run2peak (P2-P1)   16p  v46_pre_v48 W  [654s elapsed, eta 403s]
  [168/270]  v36_run2peak vs v46_pre_v48 (P1-P2)   16p  v46_pre_v48 W  [663s elapsed, eta 402s]
  [169/270]  v42_run3 vs v36_run2peak (P2-P1)  100p    v42_run3 W  [668s elapsed, eta 399s]
  [170/270]  v36_run2peak vs v40_run3start (P1-P2)  100p  v40_run3start W  [670s elapsed, eta 394s]
  [171/270]  v46_pre_v48 vs v36_run2peak (P2-P1)   18p  v46_pre_v48 W  [671s elapsed, eta 389s]
  [172/270]  v46_pre_v48 vs v36_run2peak (P2-P1)   16p  v46_pre_v48 W  [679s elapsed, eta 387s]
  [173/270]  v36_run2peak vs v34_run2 (P2-P1)   15p    v34_run2 W  [679s elapsed, eta 381s]
  [174/270]  v34_run2 vs v36_run2peak (P1-P2)   16p  v36_run2peak W  [686s elapsed, eta 379s]
  [175/270]  v36_run2peak vs v34_run2 (P2-P1)   16p  v36_run2peak W  [686s elapsed, eta 373s]
  [176/270]  v36_run2peak vs v46_pre_v48 (P1-P2)   21p  v36_run2peak W  [687s elapsed, eta 367s]
  [177/270]  v34_run2 vs v36_run2peak (P1-P2)   16p  v36_run2peak W  [693s elapsed, eta 364s]
  [178/270]  v34_run2 vs v36_run2peak (P1-P2)   16p  v36_run2peak W  [696s elapsed, eta 360s]
  [179/270]  v36_run2peak vs v34_run2 (P2-P1)   18p  v36_run2peak W  [696s elapsed, eta 354s]
  [180/270]  v48_run3peak vs warmstart (P1-P2)   16p   warmstart W  [701s elapsed, eta 351s]
  [181/270]  warmstart vs v48_run3peak (P2-P1)   14p   warmstart W  [703s elapsed, eta 346s]
  [182/270]  v48_run3peak vs warmstart (P1-P2)   16p   warmstart W  [707s elapsed, eta 342s]
  [183/270]  v48_run3peak vs warmstart (P1-P2)   16p   warmstart W  [712s elapsed, eta 339s]
  [184/270]  warmstart vs v48_run3peak (P2-P1)   17p  v48_run3peak W  [715s elapsed, eta 334s]
  [185/270]  warmstart vs v48_run3peak (P2-P1)   18p   warmstart W  [720s elapsed, eta 331s]
  [186/270]  v36_run2peak vs v42_run3 (P1-P2)  100p             D  [721s elapsed, eta 326s]
  [187/270]  v48_run3peak vs v40_run3start (P2-P1)   19p  v40_run3start W  [723s elapsed, eta 321s]
  [188/270]  v48_run3peak vs v40_run3start (P2-P1)   18p  v48_run3peak W  [732s elapsed, eta 319s]
  [189/270]  v40_run3start vs v48_run3peak (P1-P2)   19p  v40_run3start W  [732s elapsed, eta 314s]
  [190/270]  v40_run3start vs v48_run3peak (P1-P2)   18p  v48_run3peak W  [743s elapsed, eta 313s]
  [191/270]  v48_run3peak vs v42_run3 (P2-P1)   20p  v48_run3peak W  [743s elapsed, eta 307s]
  [192/270]  v42_run3 vs v48_run3peak (P1-P2)   24p  v48_run3peak W  [757s elapsed, eta 307s]
  [193/270]  v48_run3peak vs v40_run3start (P2-P1)  100p  v48_run3peak W  [807s elapsed, eta 322s]
  [194/270]  v48_run3peak vs v42_run3 (P2-P1)  100p  v48_run3peak W  [823s elapsed, eta 322s]
  [195/270]  v42_run3 vs v48_run3peak (P1-P2)   17p    v42_run3 W  [831s elapsed, eta 320s]
  [196/270]  v42_run3 vs v48_run3peak (P1-P2)  100p  v48_run3peak W  [839s elapsed, eta 317s]
  [197/270]  v46_pre_v48 vs v48_run3peak (P1-P2)   20p  v48_run3peak W  [851s elapsed, eta 315s]
  [198/270]  v40_run3start vs v48_run3peak (P1-P2)  100p             D  [857s elapsed, eta 312s]
  [199/270]  v48_run3peak vs v46_pre_v48 (P2-P1)   15p  v46_pre_v48 W  [859s elapsed, eta 306s]
  [200/270]  v48_run3peak vs v46_pre_v48 (P2-P1)   14p  v48_run3peak W  [866s elapsed, eta 303s]
  [201/270]  v48_run3peak vs v42_run3 (P2-P1)  100p    v42_run3 W  [879s elapsed, eta 302s]
  [202/270]  v48_run3peak vs v34_run2 (P2-P1)   16p  v48_run3peak W  [886s elapsed, eta 298s]
  [203/270]  v48_run3peak vs v46_pre_v48 (P2-P1)  100p  v48_run3peak W  [899s elapsed, eta 297s]
  [204/270]  v48_run3peak vs v34_run2 (P2-P1)   22p  v48_run3peak W  [916s elapsed, eta 296s]
  [205/270]  v46_pre_v48 vs v48_run3peak (P1-P2)  100p  v48_run3peak W  [923s elapsed, eta 293s]
  [206/270]  v34_run2 vs v48_run3peak (P1-P2)   16p  v48_run3peak W  [925s elapsed, eta 287s]
  [207/270]  v48_run3peak vs v34_run2 (P2-P1)   16p  v48_run3peak W  [932s elapsed, eta 284s]
  [208/270]  v34_run2 vs v48_run3peak (P1-P2)   21p    v34_run2 W  [935s elapsed, eta 279s]
  [209/270]  warmstart vs v40_run3start (P2-P1)   16p   warmstart W  [940s elapsed, eta 274s]
  [210/270]  v40_run3start vs warmstart (P1-P2)   15p  v40_run3start W  [944s elapsed, eta 270s]
  [211/270]  warmstart vs v40_run3start (P2-P1)   14p   warmstart W  [947s elapsed, eta 265s]
  [212/270]  v40_run3start vs warmstart (P1-P2)   16p   warmstart W  [956s elapsed, eta 262s]
  [213/270]  v34_run2 vs v48_run3peak (P1-P2)  100p             D  [957s elapsed, eta 256s]
  [214/270]  warmstart vs v40_run3start (P2-P1)   17p  v40_run3start W  [960s elapsed, eta 251s]
  [215/270]  warmstart vs v42_run3 (P2-P1)   14p   warmstart W  [964s elapsed, eta 247s]
  [216/270]  v42_run3 vs warmstart (P1-P2)   16p   warmstart W  [967s elapsed, eta 242s]
  [217/270]  v40_run3start vs warmstart (P1-P2)   18p   warmstart W  [969s elapsed, eta 237s]
  [218/270]  v42_run3 vs warmstart (P1-P2)   16p   warmstart W  [975s elapsed, eta 233s]
  [219/270]  warmstart vs v42_run3 (P2-P1)   19p    v42_run3 W  [977s elapsed, eta 227s]
  [220/270]  warmstart vs v42_run3 (P2-P1)   17p    v42_run3 W  [983s elapsed, eta 224s]
  [221/270]  v42_run3 vs warmstart (P1-P2)   15p    v42_run3 W  [984s elapsed, eta 218s]
  [222/270]  warmstart vs v46_pre_v48 (P2-P1)   14p   warmstart W  [984s elapsed, eta 213s]
  [223/270]  v46_pre_v48 vs v48_run3peak (P1-P2)  100p  v48_run3peak W  [989s elapsed, eta 208s]
  [224/270]  v46_pre_v48 vs warmstart (P1-P2)   17p  v46_pre_v48 W  [994s elapsed, eta 204s]
  [225/270]  v46_pre_v48 vs warmstart (P1-P2)   14p   warmstart W  [994s elapsed, eta 199s]
  [226/270]  warmstart vs v46_pre_v48 (P2-P1)   17p  v46_pre_v48 W  [994s elapsed, eta 194s]
  [227/270]  warmstart vs v46_pre_v48 (P2-P1)   14p   warmstart W  [997s elapsed, eta 189s]
  [228/270]  warmstart vs v34_run2 (P2-P1)   14p   warmstart W  [1001s elapsed, eta 184s]
  [229/270]  v46_pre_v48 vs warmstart (P1-P2)   17p  v46_pre_v48 W  [1002s elapsed, eta 179s]
  [230/270]  v34_run2 vs warmstart (P1-P2)   19p    v34_run2 W  [1007s elapsed, eta 175s]
  [231/270]  v34_run2 vs warmstart (P1-P2)   16p   warmstart W  [1010s elapsed, eta 170s]
  [232/270]  warmstart vs v34_run2 (P2-P1)   19p    v34_run2 W  [1013s elapsed, eta 166s]
  [233/270]  warmstart vs v34_run2 (P2-P1)   21p    v34_run2 W  [1016s elapsed, eta 161s]
  [234/270]  v40_run3start vs v42_run3 (P1-P2)   17p  v40_run3start W  [1018s elapsed, eta 157s]
  [235/270]  v34_run2 vs warmstart (P1-P2)   21p    v34_run2 W  [1022s elapsed, eta 152s]
  [236/270]  v42_run3 vs v40_run3start (P2-P1)   18p    v42_run3 W  [1024s elapsed, eta 148s]
  [237/270]  v40_run3start vs v42_run3 (P1-P2)   16p    v42_run3 W  [1030s elapsed, eta 143s]
  [238/270]  v40_run3start vs v42_run3 (P1-P2)   21p  v40_run3start W  [1031s elapsed, eta 139s]
  [239/270]  v42_run3 vs v40_run3start (P2-P1)   20p    v42_run3 W  [1033s elapsed, eta 134s]
  [240/270]  v46_pre_v48 vs v40_run3start (P2-P1)   16p  v46_pre_v48 W  [1040s elapsed, eta 130s]
  [241/270]  v40_run3start vs v46_pre_v48 (P1-P2)   17p  v40_run3start W  [1040s elapsed, eta 125s]
  [242/270]  v40_run3start vs v46_pre_v48 (P1-P2)   14p  v46_pre_v48 W  [1048s elapsed, eta 121s]
  [243/270]  v46_pre_v48 vs v40_run3start (P2-P1)   17p  v40_run3start W  [1051s elapsed, eta 117s]
  [244/270]  v40_run3start vs v46_pre_v48 (P1-P2)   26p  v46_pre_v48 W  [1055s elapsed, eta 112s]
  [245/270]  v46_pre_v48 vs v40_run3start (P2-P1)   16p  v46_pre_v48 W  [1055s elapsed, eta 108s]
  [246/270]  v40_run3start vs v34_run2 (P2-P1)   14p  v40_run3start W  [1061s elapsed, eta 104s]
  [247/270]  v40_run3start vs v34_run2 (P2-P1)   16p  v40_run3start W  [1062s elapsed, eta 99s]
  [248/270]  v34_run2 vs v40_run3start (P1-P2)   18p  v40_run3start W  [1067s elapsed, eta 95s]
  [249/270]  v40_run3start vs v34_run2 (P2-P1)   16p  v40_run3start W  [1069s elapsed, eta 90s]
  [250/270]  v34_run2 vs v40_run3start (P1-P2)   18p  v40_run3start W  [1070s elapsed, eta 86s]
  [251/270]  v34_run2 vs v40_run3start (P1-P2)   18p  v40_run3start W  [1078s elapsed, eta 82s]
  [252/270]  v42_run3 vs v46_pre_v48 (P1-P2)   20p  v46_pre_v48 W  [1080s elapsed, eta 77s]
  [253/270]  v46_pre_v48 vs v42_run3 (P2-P1)   17p    v42_run3 W  [1081s elapsed, eta 73s]
  [254/270]  v42_run3 vs v40_run3start (P2-P1)  100p    v42_run3 W  [1085s elapsed, eta 68s]
  [255/270]  v42_run3 vs v46_pre_v48 (P1-P2)   20p  v46_pre_v48 W  [1093s elapsed, eta 64s]
  [256/270]  v46_pre_v48 vs v42_run3 (P2-P1)   18p  v46_pre_v48 W  [1093s elapsed, eta 60s]
  [257/270]  v46_pre_v48 vs v42_run3 (P2-P1)   19p    v42_run3 W  [1094s elapsed, eta 55s]
  [258/270]  v42_run3 vs v46_pre_v48 (P1-P2)   24p  v46_pre_v48 W  [1098s elapsed, eta 51s]
  [259/270]  v42_run3 vs v34_run2 (P2-P1)   19p    v34_run2 W  [1103s elapsed, eta 47s]
  [260/270]  v34_run2 vs v42_run3 (P1-P2)   15p    v34_run2 W  [1103s elapsed, eta 42s]
  [261/270]  v42_run3 vs v34_run2 (P2-P1)   14p    v42_run3 W  [1106s elapsed, eta 38s]
  [262/270]  v34_run2 vs v42_run3 (P1-P2)   19p    v34_run2 W  [1108s elapsed, eta 34s]
  [263/270]  v42_run3 vs v34_run2 (P2-P1)   18p    v42_run3 W  [1113s elapsed, eta 30s]
  [264/270]  v34_run2 vs v42_run3 (P1-P2)   18p    v42_run3 W  [1113s elapsed, eta 25s]
  [265/270]  v46_pre_v48 vs v34_run2 (P2-P1)   18p  v46_pre_v48 W  [1117s elapsed, eta 21s]
  [266/270]  v34_run2 vs v46_pre_v48 (P1-P2)   17p    v34_run2 W  [1117s elapsed, eta 17s]
  [267/270]  v46_pre_v48 vs v34_run2 (P2-P1)   16p  v46_pre_v48 W  [1123s elapsed, eta 13s]
  [268/270]  v34_run2 vs v46_pre_v48 (P1-P2)   19p    v34_run2 W  [1128s elapsed, eta 8s]
  [269/270]  v34_run2 vs v46_pre_v48 (P1-P2)   17p    v34_run2 W  [1129s elapsed, eta 4s]
  [270/270]  v46_pre_v48 vs v34_run2 (P2-P1)  100p  v46_pre_v48 W  [1183s elapsed, eta 0s]

Match summary (row beats column, score %):
                       v52_current   v74_6x64peak    v19_distill   v36_run2peak   v48_run3peak      warmstart  v40_run3start       v42_run3    v46_pre_v48       v34_run2
v52_current                       -    67% (4-2-0)            n/a            n/a            n/a    17% (1-5-0)            n/a            n/a            n/a            n/a
v74_6x64peak            33% (4-2-0)              -            n/a            n/a            n/a    33% (2-4-0)            n/a            n/a            n/a            n/a
v19_distill             67% (4-2-0)    67% (4-2-0)              -    17% (1-5-0)    50% (3-3-0)    33% (2-4-0)    17% (1-5-0)    17% (1-5-0)    50% (3-3-0)    33% (2-4-0)
v36_run2peak            83% (5-1-0)    83% (5-1-0)    83% (1-5-0)              -    67% (4-2-0)    33% (2-4-0)     0% (0-6-0)    75% (4-1-1)    83% (5-1-0)            n/a
v48_run3peak            83% (5-1-0)    50% (3-3-0)    50% (3-3-0)    33% (4-2-0)              -    33% (2-4-0)            n/a            n/a            n/a            n/a
warmstart               83% (1-5-0)    67% (2-4-0)    67% (2-4-0)    67% (2-4-0)    67% (2-4-0)              -            n/a            n/a            n/a            n/a
v40_run3start           50% (3-3-0)    50% (3-3-0)    83% (1-5-0)   100% (0-6-0)    58% (3-2-1)    50% (3-3-0)              -    83% (5-1-0)    50% (3-3-0)            n/a
v42_run3                92% (5-0-1)    67% (4-2-0)    83% (1-5-0)    25% (4-1-1)    50% (3-3-0)    33% (2-4-0)    17% (5-1-0)              -    17% (1-5-0)            n/a
v46_pre_v48             67% (4-2-0)    67% (4-2-0)    50% (3-3-0)    17% (5-1-0)    33% (2-4-0)    67% (4-2-0)    50% (3-3-0)    83% (1-5-0)              -            n/a
v34_run2                50% (3-3-0)   100% (6-0-0)    67% (2-4-0)    33% (2-4-0)    75% (4-1-1)    50% (3-3-0)    50% (3-3-0)    67% (4-2-0)   100% (6-0-0)              -

Elo ratings (anchored at 1000 for 'warmstart'):
   1. v34_run2                   1032.5
   2. v36_run2peak               1019.3
   3. v40_run3start              1019.3
   4. warmstart                  1000.0
   5. v46_pre_v48                 913.2
   6. v48_run3peak                913.2
   7. v42_run3                    900.9
   8. v19_distill                 850.9
   9. v52_current                 805.0
  10. v74_6x64peak                798.1

Saved checkpoints/elo_tournament.json
